<?xml version="1.0"?>
<testsuites>
  <testsuite name="Chrome 40.0.2214 (Windows 7)" package="" timestamp="2015-02-22T03:14:50" id="0" hostname="ISDEVL-G517329" tests="35" errors="0" failures="0" time="0.502">
    <properties>
      <property name="browser.fullName" value="Mozilla/5.0 (Windows NT 6.1; WOW64) AppleWebKit/537.36 (KHTML, like Gecko) Chrome/40.0.2214.115 Safari/537.36"/>
    </properties>
    <testcase name="should return a promise" time="0.074" classname="Chrome 40.0.2214 (Windows 7).account-service login"/>
    <testcase name="should pass the correct data to POST" time="0.02" classname="Chrome 40.0.2214 (Windows 7).account-service login"/>
    <testcase name="should store the tokens and user object on success" time="0.015" classname="Chrome 40.0.2214 (Windows 7).account-service login"/>
    <testcase name="should call logout on failure" time="0.02" classname="Chrome 40.0.2214 (Windows 7).account-service login"/>
    <testcase name="should return an unauthenticated user" time="0.013" classname="Chrome 40.0.2214 (Windows 7).account-service logout"/>
    <testcase name="should not POST if the user is not authenticated" time="0.015" classname="Chrome 40.0.2214 (Windows 7).account-service logout"/>
    <testcase name="should POST if the user is authenticated" time="0.01" classname="Chrome 40.0.2214 (Windows 7).account-service logout"/>
    <testcase name="should clear the local store if the user is authenticated" time="0.011" classname="Chrome 40.0.2214 (Windows 7).account-service logout"/>
    <testcase name="should pass the correct data to POST" time="0.013" classname="Chrome 40.0.2214 (Windows 7).account-service register"/>
    <testcase name="should return an HTTP promise" time="0.01" classname="Chrome 40.0.2214 (Windows 7).account-service register"/>
    <testcase name="should flag the interceptor to skip authorization" time="0.01" classname="Chrome 40.0.2214 (Windows 7).account-service register"/>
    <testcase name="should return the user object in memory if it is available" time="0.011" classname="Chrome 40.0.2214 (Windows 7).account-service getUser"/>
    <testcase name="should return the user object from the local store if it is not in memory" time="0.016" classname="Chrome 40.0.2214 (Windows 7).account-service getUser"/>
    <testcase name="should fall back to the most basic user object" time="0.01" classname="Chrome 40.0.2214 (Windows 7).account-service getUser"/>
    <testcase name="should not POST if there is no refresh token" time="0.01" classname="Chrome 40.0.2214 (Windows 7).account-service refresh"/>
    <testcase name="should POST to the correct data if there is a refresh token" time="0.013" classname="Chrome 40.0.2214 (Windows 7).account-service refresh"/>
    <testcase name="should store the response tokens on success" time="0.013" classname="Chrome 40.0.2214 (Windows 7).account-service refresh"/>
    <testcase name="should log out on error" time="0.017" classname="Chrome 40.0.2214 (Windows 7).account-service refresh"/>
    <testcase name="should populate the default clubs collection" time="0.014" classname="Chrome 40.0.2214 (Windows 7).club-detail-controller setup"/>
    <testcase name="should set the current user club to the object in the state params collection" time="0.01" classname="Chrome 40.0.2214 (Windows 7).club-detail-controller beforeEnter event handler"/>
    <testcase name="should add a new club if the user club key is undefined" time="0.008" classname="Chrome 40.0.2214 (Windows 7).club-detail-controller saveClub"/>
    <testcase name="should update the club reference on the userClub object before calling the add function" time="0.009" classname="Chrome 40.0.2214 (Windows 7).club-detail-controller saveClub"/>
    <testcase name="should update an existing club if the user club key is present" time="0.008" classname="Chrome 40.0.2214 (Windows 7).club-detail-controller saveClub"/>
    <testcase name="should set the current course based on the id in the state params collection" time="0.016" classname="Chrome 40.0.2214 (Windows 7).course-detail-controller beforeEnter event handler"/>
    <testcase name="should add a new course if the current course key is undefined" time="0.014" classname="Chrome 40.0.2214 (Windows 7).course-detail-controller saveCourse"/>
    <testcase name="should update an existing course if the course key is present" time="0.011" classname="Chrome 40.0.2214 (Windows 7).course-detail-controller saveCourse"/>
    <testcase name="should have a credentials object" time="0.012" classname="Chrome 40.0.2214 (Windows 7).login-controller setup"/>
    <testcase name="should return false if the email is missing" time="0.011" classname="Chrome 40.0.2214 (Windows 7).login-controller canLogin"/>
    <testcase name="should return false if the email is empty" time="0.011" classname="Chrome 40.0.2214 (Windows 7).login-controller canLogin"/>
    <testcase name="should return false if the password is missing" time="0.011" classname="Chrome 40.0.2214 (Windows 7).login-controller canLogin"/>
    <testcase name="should return false if the password is empty" time="0.012" classname="Chrome 40.0.2214 (Windows 7).login-controller canLogin"/>
    <testcase name="should return true if the email and password have been entered" time="0.01" classname="Chrome 40.0.2214 (Windows 7).login-controller canLogin"/>
    <testcase name="should navigate to tab.rounds if the credentials are valid" time="0.016" classname="Chrome 40.0.2214 (Windows 7).login-controller doLogin"/>
    <testcase name="should set the error flag and description if the credentials are invalid" time="0.015" classname="Chrome 40.0.2214 (Windows 7).login-controller doLogin"/>
    <testcase name="should set the error flag and description if the authorization server is unreachable" time="0.013" classname="Chrome 40.0.2214 (Windows 7).login-controller doLogin"/>
    <system-out><![CDATA[Chrome 40.0.2214 (Windows 7) ERROR: 'toasting invalid login'
,Chrome 40.0.2214 (Windows 7) ERROR: 'toasting boom!'

]]></system-out>
    <system-err/>
  </testsuite>
</testsuites>
