<?xml version="1.0" ?>
<!DOCTYPE coverage SYSTEM "http://cobertura.sourceforge.net/xml/coverage-04.dtd">
<coverage lines-valid="210"  lines-covered="99"  line-rate="0.4714"  branches-valid="72"  branches-covered="10"  branch-rate="0.1389"  timestamp="1420421966753" complexity="0" version="0.1">
<sources>
	<source>C:\Projects\StaTracker\StatsMobile</source>
</sources>
<packages>
	<package name="..www.js.account"  line-rate="0.3951"  branch-rate="0.15" >
	<classes>
		<class name="account-controller.js"  filename="www\js\account\account-controller.js"  line-rate="0.2"  branch-rate="1" >
		<methods>
			<method name="(anonymous_1)"  hits="0"  signature="()V" >
				<lines><line number="5"  hits="0" /></lines>
			</method>
			<method name="(anonymous_2)"  hits="0"  signature="()V" >
				<lines><line number="10"  hits="0" /></lines>
			</method>
		</methods>
		<lines>
			<line number="1"  hits="1"  branch="false" />
			<line number="8"  hits="0"  branch="false" />
			<line number="10"  hits="0"  branch="false" />
			<line number="11"  hits="0"  branch="false" />
			<line number="12"  hits="0"  branch="false" />
		</lines>
		</class>
		<class name="account-service.js"  filename="www\js\account\account-service.js"  line-rate="0.75"  branch-rate="0.375" >
		<methods>
			<method name="(anonymous_1)"  hits="2"  signature="()V" >
				<lines><line number="5"  hits="2" /></lines>
			</method>
			<method name="(anonymous_2)"  hits="2"  signature="()V" >
				<lines><line number="17"  hits="2" /></lines>
			</method>
			<method name="(anonymous_3)"  hits="1"  signature="()V" >
				<lines><line number="26"  hits="1" /></lines>
			</method>
			<method name="(anonymous_4)"  hits="1"  signature="()V" >
				<lines><line number="39"  hits="1" /></lines>
			</method>
			<method name="(anonymous_5)"  hits="1"  signature="()V" >
				<lines><line number="44"  hits="1" /></lines>
			</method>
			<method name="(anonymous_6)"  hits="0"  signature="()V" >
				<lines><line number="55"  hits="0" /></lines>
			</method>
			<method name="(anonymous_7)"  hits="2"  signature="()V" >
				<lines><line number="65"  hits="2" /></lines>
			</method>
			<method name="(anonymous_8)"  hits="0"  signature="()V" >
				<lines><line number="70"  hits="0" /></lines>
			</method>
			<method name="(anonymous_9)"  hits="0"  signature="()V" >
				<lines><line number="81"  hits="0" /></lines>
			</method>
			<method name="(anonymous_10)"  hits="0"  signature="()V" >
				<lines><line number="85"  hits="0" /></lines>
			</method>
		</methods>
		<lines>
			<line number="1"  hits="1"  branch="false" />
			<line number="8"  hits="2"  branch="false" />
			<line number="17"  hits="2"  branch="false" />
			<line number="18"  hits="2"  branch="false" />
			<line number="19"  hits="2"  branch="false" />
			<line number="28"  hits="1"  branch="false" />
			<line number="30"  hits="1"  branch="false" />
			<line number="31"  hits="1"  branch="false" />
			<line number="32"  hits="1"  branch="false" />
			<line number="33"  hits="1"  branch="false" />
			<line number="35"  hits="1"  branch="false" />
			<line number="36"  hits="1"  branch="false" />
			<line number="37"  hits="1"  branch="false" />
			<line number="40"  hits="1"  branch="false" />
			<line number="44"  hits="2"  branch="false" />
			<line number="45"  hits="1"  branch="true"  condition-coverage="50% (1/2)" />
			<line number="46"  hits="0"  branch="false" />
			<line number="48"  hits="1"  branch="false" />
			<line number="49"  hits="1"  branch="false" />
			<line number="50"  hits="1"  branch="false" />
			<line number="51"  hits="1"  branch="false" />
			<line number="52"  hits="1"  branch="false" />
			<line number="55"  hits="2"  branch="false" />
			<line number="56"  hits="0"  branch="false" />
			<line number="57"  hits="0"  branch="false" />
			<line number="65"  hits="2"  branch="false" />
			<line number="66"  hits="2"  branch="false" />
			<line number="67"  hits="2"  branch="true"  condition-coverage="50% (2/4)" />
			<line number="70"  hits="2"  branch="false" />
			<line number="71"  hits="0"  branch="false" />
			<line number="73"  hits="0"  branch="true"  condition-coverage="0% (0/2)" />
			<line number="74"  hits="0"  branch="false" />
			<line number="82"  hits="0"  branch="false" />
			<line number="83"  hits="0"  branch="false" />
			<line number="86"  hits="0"  branch="false" />
			<line number="91"  hits="2"  branch="false" />
		</lines>
		</class>
		<class name="login-controller.js"  filename="www\js\account\login-controller.js"  line-rate="0.11109999999999999"  branch-rate="1" >
		<methods>
			<method name="(anonymous_1)"  hits="0"  signature="()V" >
				<lines><line number="5"  hits="0" /></lines>
			</method>
			<method name="(anonymous_2)"  hits="0"  signature="()V" >
				<lines><line number="15"  hits="0" /></lines>
			</method>
			<method name="(anonymous_3)"  hits="0"  signature="()V" >
				<lines><line number="19"  hits="0" /></lines>
			</method>
			<method name="(anonymous_4)"  hits="0"  signature="()V" >
				<lines><line number="22"  hits="0" /></lines>
			</method>
		</methods>
		<lines>
			<line number="1"  hits="1"  branch="false" />
			<line number="8"  hits="0"  branch="false" />
			<line number="15"  hits="0"  branch="false" />
			<line number="16"  hits="0"  branch="false" />
			<line number="17"  hits="0"  branch="false" />
			<line number="18"  hits="0"  branch="false" />
			<line number="20"  hits="0"  branch="false" />
			<line number="23"  hits="0"  branch="false" />
			<line number="24"  hits="0"  branch="false" />
		</lines>
		</class>
		<class name="my-bag-controller.js"  filename="www\js\account\my-bag-controller.js"  line-rate="1"  branch-rate="1" >
		<methods>
			<method name="(anonymous_1)"  hits="0"  signature="()V" >
				<lines><line number="3"  hits="0" /></lines>
			</method>
		</methods>
		<lines>
			<line number="1"  hits="1"  branch="false" />
		</lines>
		</class>
		<class name="user-controller.js"  filename="www\js\account\user-controller.js"  line-rate="1"  branch-rate="1" >
		<methods>
			<method name="(anonymous_1)"  hits="0"  signature="()V" >
				<lines><line number="3"  hits="0" /></lines>
			</method>
		</methods>
		<lines>
			<line number="1"  hits="1"  branch="false" />
		</lines>
		</class>
		<class name="register-controller.js"  filename="www\js\account\register-controller.js"  line-rate="0.0345"  branch-rate="0" >
		<methods>
			<method name="(anonymous_1)"  hits="0"  signature="()V" >
				<lines><line number="5"  hits="0" /></lines>
			</method>
			<method name="(anonymous_2)"  hits="0"  signature="()V" >
				<lines><line number="16"  hits="0" /></lines>
			</method>
			<method name="(anonymous_3)"  hits="0"  signature="()V" >
				<lines><line number="21"  hits="0" /></lines>
			</method>
			<method name="(anonymous_4)"  hits="0"  signature="()V" >
				<lines><line number="22"  hits="0" /></lines>
			</method>
			<method name="(anonymous_5)"  hits="0"  signature="()V" >
				<lines><line number="26"  hits="0" /></lines>
			</method>
			<method name="(anonymous_6)"  hits="0"  signature="()V" >
				<lines><line number="39"  hits="0" /></lines>
			</method>
		</methods>
		<lines>
			<line number="1"  hits="1"  branch="false" />
			<line number="8"  hits="0"  branch="false" />
			<line number="16"  hits="0"  branch="false" />
			<line number="17"  hits="0"  branch="false" />
			<line number="18"  hits="0"  branch="false" />
			<line number="19"  hits="0"  branch="true"  condition-coverage="0% (0/2)" />
			<line number="20"  hits="0"  branch="false" />
			<line number="22"  hits="0"  branch="false" />
			<line number="23"  hits="0"  branch="false" />
			<line number="27"  hits="0"  branch="false" />
			<line number="28"  hits="0"  branch="true"  condition-coverage="0% (0/2)" />
			<line number="29"  hits="0"  branch="false" />
			<line number="30"  hits="0"  branch="true"  condition-coverage="0% (0/2)" />
			<line number="31"  hits="0"  branch="false" />
			<line number="33"  hits="0"  branch="false" />
			<line number="39"  hits="0"  branch="false" />
			<line number="40"  hits="0"  branch="true"  condition-coverage="0% (0/2)" />
			<line number="41"  hits="0"  branch="false" />
			<line number="42"  hits="0"  branch="false" />
			<line number="43"  hits="0"  branch="false" />
			<line number="45"  hits="0"  branch="true"  condition-coverage="0% (0/2)" />
			<line number="46"  hits="0"  branch="false" />
			<line number="47"  hits="0"  branch="false" />
			<line number="48"  hits="0"  branch="false" />
			<line number="50"  hits="0"  branch="true"  condition-coverage="0% (0/2)" />
			<line number="51"  hits="0"  branch="false" />
			<line number="52"  hits="0"  branch="false" />
			<line number="53"  hits="0"  branch="false" />
			<line number="55"  hits="0"  branch="false" />
		</lines>
		</class>
	</classes>
	</package>
	<package name="..www.js.config"  line-rate="0.8095"  branch-rate="0.4286" >
	<classes>
		<class name="access-control-config.js"  filename="www\js\config\access-control-config.js"  line-rate="0.5556"  branch-rate="0.4286" >
		<methods>
			<method name="(anonymous_1)"  hits="2"  signature="()V" >
				<lines><line number="4"  hits="2" /></lines>
			</method>
			<method name="(anonymous_2)"  hits="10"  signature="()V" >
				<lines><line number="11"  hits="10" /></lines>
			</method>
			<method name="(anonymous_3)"  hits="0"  signature="()V" >
				<lines><line number="23"  hits="0" /></lines>
			</method>
			<method name="(anonymous_4)"  hits="2"  signature="()V" >
				<lines><line number="37"  hits="2" /></lines>
			</method>
			<method name="(anonymous_5)"  hits="2"  signature="()V" >
				<lines><line number="38"  hits="2" /></lines>
			</method>
		</methods>
		<lines>
			<line number="1"  hits="1"  branch="false" />
			<line number="11"  hits="2"  branch="false" />
			<line number="12"  hits="10"  branch="false" />
			<line number="16"  hits="10"  branch="true"  condition-coverage="50% (2/4)" />
			<line number="17"  hits="10"  branch="false" />
			<line number="21"  hits="0"  branch="true"  condition-coverage="0% (0/2)" />
			<line number="22"  hits="0"  branch="false" />
			<line number="24"  hits="0"  branch="false" />
			<line number="25"  hits="0"  branch="false" />
			<line number="26"  hits="0"  branch="false" />
			<line number="29"  hits="0"  branch="false" />
			<line number="33"  hits="2"  branch="false" />
			<line number="37"  hits="1"  branch="false" />
			<line number="38"  hits="2"  branch="false" />
			<line number="39"  hits="2"  branch="false" />
			<line number="42"  hits="2"  branch="true"  condition-coverage="40% (2/5)" />
			<line number="43"  hits="0"  branch="false" />
			<line number="44"  hits="0"  branch="false" />
		</lines>
		</class>
		<class name="http-feedback-config.js"  filename="www\js\config\http-feedback-config.js"  line-rate="1"  branch-rate="1" >
		<methods>
			<method name="(anonymous_1)"  hits="2"  signature="()V" >
				<lines><line number="3"  hits="2" /></lines>
			</method>
			<method name="(anonymous_2)"  hits="2"  signature="()V" >
				<lines><line number="7"  hits="2" /></lines>
			</method>
			<method name="(anonymous_3)"  hits="12"  signature="()V" >
				<lines><line number="9"  hits="12" /></lines>
			</method>
			<method name="(anonymous_4)"  hits="11"  signature="()V" >
				<lines><line number="13"  hits="11" /></lines>
			</method>
			<method name="(anonymous_5)"  hits="1"  signature="()V" >
				<lines><line number="17"  hits="1" /></lines>
			</method>
			<method name="(anonymous_6)"  hits="2"  signature="()V" >
				<lines><line number="26"  hits="2" /></lines>
			</method>
			<method name="(anonymous_7)"  hits="12"  signature="()V" >
				<lines><line number="27"  hits="12" /></lines>
			</method>
			<method name="(anonymous_8)"  hits="12"  signature="()V" >
				<lines><line number="30"  hits="12" /></lines>
			</method>
		</methods>
		<lines>
			<line number="1"  hits="1"  branch="false" />
			<line number="7"  hits="2"  branch="false" />
			<line number="8"  hits="2"  branch="false" />
			<line number="10"  hits="12"  branch="false" />
			<line number="11"  hits="12"  branch="false" />
			<line number="14"  hits="11"  branch="false" />
			<line number="15"  hits="11"  branch="false" />
			<line number="18"  hits="1"  branch="false" />
			<line number="20"  hits="1"  branch="false" />
			<line number="27"  hits="2"  branch="false" />
			<line number="28"  hits="12"  branch="false" />
			<line number="30"  hits="2"  branch="false" />
			<line number="31"  hits="12"  branch="false" />
		</lines>
		</class>
		<class name="ionic-config.js"  filename="www\js\config\ionic-config.js"  line-rate="1"  branch-rate="1" >
		<methods>
			<method name="(anonymous_1)"  hits="2"  signature="()V" >
				<lines><line number="3"  hits="2" /></lines>
			</method>
		</methods>
		<lines>
			<line number="1"  hits="1"  branch="false" />
			<line number="7"  hits="2"  branch="false" />
			<line number="8"  hits="2"  branch="false" />
			<line number="9"  hits="2"  branch="false" />
		</lines>
		</class>
		<class name="route-config.js"  filename="www\js\config\route-config.js"  line-rate="1"  branch-rate="1" >
		<methods>
			<method name="(anonymous_1)"  hits="2"  signature="()V" >
				<lines><line number="4"  hits="2" /></lines>
			</method>
		</methods>
		<lines>
			<line number="1"  hits="1"  branch="false" />
			<line number="7"  hits="2"  branch="false" />
			<line number="179"  hits="2"  branch="false" />
		</lines>
		</class>
		<class name="state-event-listeners.js"  filename="www\js\config\state-event-listeners.js"  line-rate="1"  branch-rate="1" >
		<methods>
			<method name="(anonymous_1)"  hits="2"  signature="()V" >
				<lines><line number="4"  hits="2" /></lines>
			</method>
			<method name="(anonymous_2)"  hits="2"  signature="()V" >
				<lines><line number="7"  hits="2" /></lines>
			</method>
			<method name="(anonymous_3)"  hits="0"  signature="()V" >
				<lines><line number="12"  hits="0" /></lines>
			</method>
			<method name="(anonymous_4)"  hits="0"  signature="()V" >
				<lines><line number="17"  hits="0" /></lines>
			</method>
		</methods>
		<lines>
			<line number="1"  hits="1"  branch="false" />
			<line number="7"  hits="2"  branch="false" />
			<line number="12"  hits="2"  branch="false" />
			<line number="17"  hits="2"  branch="false" />
		</lines>
		</class>
	</classes>
	</package>
	<package name="..www.js.rounds"  line-rate="0.1277"  branch-rate="0" >
	<classes>
		<class name="create-round-controller.js"  filename="www\js\rounds\create-round-controller.js"  line-rate="1"  branch-rate="1" >
		<methods>
			<method name="(anonymous_1)"  hits="0"  signature="()V" >
				<lines><line number="3"  hits="0" /></lines>
			</method>
		</methods>
		<lines>
			<line number="1"  hits="1"  branch="false" />
		</lines>
		</class>
		<class name="hole-controller.js"  filename="www\js\rounds\hole-controller.js"  line-rate="0.0909"  branch-rate="0" >
		<methods>
			<method name="(anonymous_1)"  hits="0"  signature="()V" >
				<lines><line number="4"  hits="0" /></lines>
			</method>
			<method name="(anonymous_2)"  hits="0"  signature="()V" >
				<lines><line number="17"  hits="0" /></lines>
			</method>
		</methods>
		<lines>
			<line number="1"  hits="1"  branch="false" />
			<line number="7"  hits="0"  branch="true"  condition-coverage="0% (0/2)" />
			<line number="8"  hits="0"  branch="false" />
			<line number="10"  hits="0"  branch="false" />
			<line number="12"  hits="0"  branch="true"  condition-coverage="0% (0/2)" />
			<line number="13"  hits="0"  branch="false" />
			<line number="15"  hits="0"  branch="false" />
			<line number="17"  hits="0"  branch="false" />
			<line number="18"  hits="0"  branch="false" />
			<line number="19"  hits="0"  branch="false" />
			<line number="20"  hits="0"  branch="false" />
		</lines>
		</class>
		<class name="list-rounds-controller.js"  filename="www\js\rounds\list-rounds-controller.js"  line-rate="1"  branch-rate="1" >
		<methods>
			<method name="(anonymous_1)"  hits="0"  signature="()V" >
				<lines><line number="3"  hits="0" /></lines>
			</method>
		</methods>
		<lines>
			<line number="1"  hits="1"  branch="false" />
		</lines>
		</class>
		<class name="nav-next.js"  filename="www\js\rounds\nav-next.js"  line-rate="0.07690000000000001"  branch-rate="0" >
		<methods>
			<method name="(anonymous_1)"  hits="0"  signature="()V" >
				<lines><line number="5"  hits="0" /></lines>
			</method>
			<method name="(anonymous_2)"  hits="0"  signature="()V" >
				<lines><line number="10"  hits="0" /></lines>
			</method>
			<method name="(anonymous_3)"  hits="0"  signature="()V" >
				<lines><line number="12"  hits="0" /></lines>
			</method>
		</methods>
		<lines>
			<line number="1"  hits="1"  branch="false" />
			<line number="8"  hits="0"  branch="false" />
			<line number="11"  hits="0"  branch="false" />
			<line number="12"  hits="0"  branch="false" />
			<line number="13"  hits="0"  branch="true"  condition-coverage="0% (0/2)" />
			<line number="14"  hits="0"  branch="false" />
			<line number="15"  hits="0"  branch="false" />
			<line number="17"  hits="0"  branch="true"  condition-coverage="0% (0/2)" />
			<line number="19"  hits="0"  branch="false" />
			<line number="20"  hits="0"  branch="true"  condition-coverage="0% (0/4)" />
			<line number="21"  hits="0"  branch="false" />
			<line number="23"  hits="0"  branch="false" />
			<line number="26"  hits="0"  branch="false" />
		</lines>
		</class>
		<class name="nav-prev.js"  filename="www\js\rounds\nav-prev.js"  line-rate="0.07690000000000001"  branch-rate="0" >
		<methods>
			<method name="(anonymous_1)"  hits="0"  signature="()V" >
				<lines><line number="5"  hits="0" /></lines>
			</method>
			<method name="(anonymous_2)"  hits="0"  signature="()V" >
				<lines><line number="10"  hits="0" /></lines>
			</method>
			<method name="(anonymous_3)"  hits="0"  signature="()V" >
				<lines><line number="12"  hits="0" /></lines>
			</method>
		</methods>
		<lines>
			<line number="1"  hits="1"  branch="false" />
			<line number="8"  hits="0"  branch="false" />
			<line number="11"  hits="0"  branch="false" />
			<line number="12"  hits="0"  branch="false" />
			<line number="13"  hits="0"  branch="true"  condition-coverage="0% (0/2)" />
			<line number="14"  hits="0"  branch="false" />
			<line number="15"  hits="0"  branch="false" />
			<line number="17"  hits="0"  branch="true"  condition-coverage="0% (0/2)" />
			<line number="19"  hits="0"  branch="false" />
			<line number="20"  hits="0"  branch="true"  condition-coverage="0% (0/4)" />
			<line number="21"  hits="0"  branch="false" />
			<line number="23"  hits="0"  branch="false" />
			<line number="26"  hits="0"  branch="false" />
		</lines>
		</class>
		<class name="round-controller.js"  filename="www\js\rounds\round-controller.js"  line-rate="0.125"  branch-rate="0" >
		<methods>
			<method name="(anonymous_1)"  hits="0"  signature="()V" >
				<lines><line number="4"  hits="0" /></lines>
			</method>
			<method name="(anonymous_2)"  hits="0"  signature="()V" >
				<lines><line number="12"  hits="0" /></lines>
			</method>
		</methods>
		<lines>
			<line number="1"  hits="1"  branch="false" />
			<line number="7"  hits="0"  branch="true"  condition-coverage="0% (0/2)" />
			<line number="8"  hits="0"  branch="false" />
			<line number="10"  hits="0"  branch="false" />
			<line number="12"  hits="0"  branch="false" />
			<line number="13"  hits="0"  branch="false" />
			<line number="14"  hits="0"  branch="false" />
			<line number="15"  hits="0"  branch="false" />
		</lines>
		</class>
	</classes>
	</package>
	<package name="..www.js.stats"  line-rate="0.3333"  branch-rate="0" >
	<classes>
		<class name="stats-controller.js"  filename="www\js\stats\stats-controller.js"  line-rate="0.3333"  branch-rate="0" >
		<methods>
			<method name="(anonymous_1)"  hits="0"  signature="()V" >
				<lines><line number="4"  hits="0" /></lines>
			</method>
		</methods>
		<lines>
			<line number="1"  hits="1"  branch="false" />
			<line number="7"  hits="0"  branch="true"  condition-coverage="0% (0/2)" />
			<line number="8"  hits="0"  branch="false" />
		</lines>
		</class>
	</classes>
	</package>
	<package name="..www.js"  line-rate="0.7027"  branch-rate="0.07139999999999999" >
	<classes>
		<class name="app.js"  filename="www\js\app.js"  line-rate="0.2143"  branch-rate="0.07139999999999999" >
		<methods>
			<method name="(anonymous_1)"  hits="2"  signature="()V" >
				<lines><line number="4"  hits="2" /></lines>
			</method>
			<method name="(anonymous_2)"  hits="0"  signature="()V" >
				<lines><line number="5"  hits="0" /></lines>
			</method>
			<method name="(anonymous_3)"  hits="0"  signature="()V" >
				<lines><line number="20"  hits="0" /></lines>
			</method>
		</methods>
		<lines>
			<line number="2"  hits="1"  branch="false" />
			<line number="5"  hits="2"  branch="false" />
			<line number="8"  hits="0"  branch="true"  condition-coverage="0% (0/4)" />
			<line number="9"  hits="0"  branch="false" />
			<line number="11"  hits="0"  branch="true"  condition-coverage="0% (0/2)" />
			<line number="13"  hits="0"  branch="false" />
			<line number="18"  hits="1"  branch="true"  condition-coverage="50% (1/2)" />
			<line number="19"  hits="0"  branch="false" />
			<line number="21"  hits="0"  branch="false" />
			<line number="22"  hits="0"  branch="true"  condition-coverage="0% (0/4)" />
			<line number="23"  hits="0"  branch="false" />
			<line number="25"  hits="0"  branch="false" />
			<line number="26"  hits="0"  branch="false" />
			<line number="27"  hits="0"  branch="true"  condition-coverage="0% (0/2)" />
		</lines>
		</class>
		<class name="home-controller.js"  filename="www\js\home-controller.js"  line-rate="1"  branch-rate="1" >
		<methods>
			<method name="(anonymous_1)"  hits="0"  signature="()V" >
				<lines><line number="3"  hits="0" /></lines>
			</method>
		</methods>
		<lines>
			<line number="1"  hits="1"  branch="false" />
		</lines>
		</class>
		<class name="templates.js"  filename="www\js\templates.js"  line-rate="1"  branch-rate="1" >
		<methods>
			<method name="(anonymous_1)"  hits="2"  signature="()V" >
				<lines><line number="1"  hits="2" /></lines>
			</method>
		</methods>
		<lines>
			<line number="1"  hits="2"  branch="false" />
			<line number="2"  hits="2"  branch="false" />
			<line number="3"  hits="2"  branch="false" />
			<line number="4"  hits="2"  branch="false" />
			<line number="5"  hits="2"  branch="false" />
			<line number="6"  hits="2"  branch="false" />
			<line number="7"  hits="2"  branch="false" />
			<line number="8"  hits="2"  branch="false" />
			<line number="9"  hits="2"  branch="false" />
			<line number="10"  hits="2"  branch="false" />
			<line number="11"  hits="2"  branch="false" />
			<line number="12"  hits="2"  branch="false" />
			<line number="13"  hits="2"  branch="false" />
			<line number="14"  hits="2"  branch="false" />
			<line number="15"  hits="2"  branch="false" />
			<line number="16"  hits="2"  branch="false" />
			<line number="17"  hits="2"  branch="false" />
			<line number="18"  hits="2"  branch="false" />
			<line number="19"  hits="2"  branch="false" />
			<line number="20"  hits="2"  branch="false" />
			<line number="21"  hits="2"  branch="false" />
			<line number="22"  hits="2"  branch="false" />
		</lines>
		</class>
	</classes>
	</package>
</packages>
</coverage>
